\BOOKMARK [0][-]{chapter.1}{\376\377\000I\000n\000t\000r\000o\000d\000u\000c\000i\000\363\000n}{}% 1
\BOOKMARK [1][-]{section.1.1}{\376\377\000M\000o\000t\000i\000v\000a\000c\000i\000\363\000n}{chapter.1}% 2
\BOOKMARK [1][-]{section.1.2}{Objetivos}{chapter.1}% 3
\BOOKMARK [0][-]{chapter.2}{\376\377\000F\000u\000n\000d\000a\000m\000e\000n\000t\000o\000s\000\040\000t\000e\000c\000n\000o\000l\000\363\000g\000i\000c\000o\000s}{}% 4
\BOOKMARK [1][-]{section.2.1}{Estado\040del\040arte}{chapter.2}% 5
\BOOKMARK [1][-]{section.2.2}{\376\377\000T\000e\000c\000n\000o\000l\000o\000g\000\355\000a\000s\000\040\000e\000m\000p\000l\000e\000a\000d\000a\000s}{chapter.2}% 6
\BOOKMARK [2][-]{subsection.2.2.1}{Entorno\040Python}{section.2.2}% 7
\BOOKMARK [2][-]{subsection.2.2.2}{Entorno\040Optitrack}{section.2.2}% 8
\BOOKMARK [2][-]{subsection.2.2.3}{Entorno\040del\040robot}{section.2.2}% 9
\BOOKMARK [2][-]{subsection.2.2.4}{Entorno\040MuJoCo}{section.2.2}% 10
\BOOKMARK [0][-]{chapter.3}{\376\377\000M\000e\000t\000o\000d\000o\000l\000o\000g\000\355\000a\000\040\000y\000\040\000p\000l\000a\000n\000i\000f\000i\000c\000a\000c\000i\000\363\000n}{}% 11
\BOOKMARK [1][-]{section.3.1}{\376\377\000M\000e\000t\000o\000d\000o\000l\000o\000g\000\355\000a\000\040\000d\000e\000\040\000d\000e\000s\000a\000r\000r\000o\000l\000l\000o}{chapter.3}% 12
\BOOKMARK [2][-]{subsection.3.1.1}{\376\377\000I\000t\000e\000r\000a\000c\000i\000o\000n\000e\000s\000\040\000d\000e\000\040\000l\000a\000\040\000m\000e\000t\000o\000d\000o\000l\000o\000g\000\355\000a\000\040\000e\000n\000\040\000e\000l\000\040\000p\000r\000o\000y\000e\000c\000t\000o}{section.3.1}% 13
\BOOKMARK [2][-]{subsection.3.1.2}{\376\377\000H\000e\000r\000r\000a\000m\000i\000e\000n\000t\000a\000s\000\040\000d\000e\000\040\000a\000p\000o\000y\000o\000\040\000a\000\040\000l\000a\000\040\000m\000e\000t\000o\000d\000o\000l\000o\000g\000\355\000a}{section.3.1}% 14
\BOOKMARK [1][-]{section.3.2}{\376\377\000P\000l\000a\000n\000i\000f\000i\000c\000a\000c\000i\000\363\000n\000\040\000y\000\040\000s\000e\000g\000u\000i\000m\000i\000e\000n\000t\000o}{chapter.3}% 15
\BOOKMARK [2][-]{subsection.3.2.1}{\376\377\000P\000l\000a\000n\000i\000f\000i\000c\000a\000c\000i\000\363\000n\000\040\000i\000n\000i\000c\000i\000a\000l}{section.3.2}% 16
\BOOKMARK [2][-]{subsection.3.2.2}{Recursos\040humanos}{section.3.2}% 17
\BOOKMARK [2][-]{subsection.3.2.3}{\376\377\000R\000e\000c\000u\000r\000s\000o\000s\000\040\000t\000\351\000c\000n\000i\000c\000o\000s}{section.3.2}% 18
\BOOKMARK [2][-]{subsection.3.2.4}{Costes}{section.3.2}% 19
\BOOKMARK [2][-]{subsection.3.2.5}{\376\377\000D\000e\000s\000v\000i\000a\000c\000i\000o\000n\000e\000s\000\040\000e\000n\000\040\000l\000a\000\040\000p\000l\000a\000n\000i\000f\000i\000c\000a\000c\000i\000\363\000n}{section.3.2}% 20
\BOOKMARK [0][-]{chapter.4}{\376\377\000D\000i\000s\000e\000\361\000o}{}% 21
\BOOKMARK [1][-]{section.4.1}{Arquitectura\040del\040sistema}{chapter.4}% 22
\BOOKMARK [0][-]{chapter.5}{Desarrollo}{}% 23
\BOOKMARK [1][-]{section.5.1}{\376\377\000D\000e\000s\000a\000r\000r\000o\000l\000l\000o\000\040\000e\000n\000\040\000s\000i\000m\000u\000l\000a\000c\000i\000\363\000n}{chapter.5}% 24
\BOOKMARK [2][-]{subsection.5.1.1}{\376\377\000C\000o\000n\000f\000i\000g\000u\000r\000a\000c\000i\000\363\000n\000\040\000d\000e\000\040\000M\000u\000J\000o\000C\000o}{section.5.1}% 25
\BOOKMARK [2][-]{subsection.5.1.2}{\376\377\000P\000r\000o\000b\000l\000e\000m\000a\000s\000\040\000d\000u\000r\000a\000n\000t\000e\000\040\000l\000a\000\040\000i\000m\000p\000l\000e\000m\000e\000n\000t\000a\000c\000i\000\363\000n}{section.5.1}% 26
\BOOKMARK [1][-]{section.5.2}{\376\377\000D\000e\000s\000a\000r\000r\000o\000l\000l\000o\000\040\000e\000n\000\040\000r\000o\000b\000o\000t\000\040\000c\000u\000a\000d\000r\000\372\000p\000e\000d\000o}{chapter.5}% 27
\BOOKMARK [2][-]{subsection.5.2.1}{\376\377\000C\000o\000n\000f\000i\000g\000u\000r\000a\000c\000i\000\363\000n\000\040\000d\000e\000l\000\040\000s\000i\000s\000t\000e\000m\000a\000\040\000O\000p\000t\000i\000t\000r\000a\000c\000k}{section.5.2}% 28
\BOOKMARK [2][-]{subsection.5.2.2}{\376\377\000C\000o\000n\000f\000i\000g\000u\000r\000a\000c\000i\000\363\000n\000\040\000d\000e\000l\000\040\000r\000o\000b\000o\000t\000\040\000U\000n\000i\000t\000r\000e\000e\000\040\000G\000o\0002}{section.5.2}% 29
\BOOKMARK [2][-]{subsection.5.2.3}{Modelo\040de\040mundo}{section.5.2}% 30
\BOOKMARK [2][-]{subsection.5.2.4}{Modelo\040de\040utilidad}{section.5.2}% 31
\BOOKMARK [2][-]{subsection.5.2.5}{\376\377\000D\000e\000m\000o\000s\000t\000r\000a\000c\000i\000\363\000n\000\040\000d\000e\000l\000\040\000s\000i\000s\000t\000e\000m\000a\000\040\000d\000e\000l\000i\000b\000e\000r\000a\000t\000i\000v\000o}{section.5.2}% 32
\BOOKMARK [2][-]{subsection.5.2.6}{Independencia\040entre\040modelos}{section.5.2}% 33
\BOOKMARK [0][-]{chapter.6}{Conclusiones}{}% 34
\BOOKMARK [1][-]{section.6.1}{Alcance\040de\040los\040objetivos}{chapter.6}% 35
\BOOKMARK [1][-]{section.6.2}{Lecciones\040aprendidas}{chapter.6}% 36
\BOOKMARK [1][-]{section.6.3}{Trabajo\040futuro}{chapter.6}% 37
\BOOKMARK [0][-]{section*.42}{Glosario}{}% 38
\BOOKMARK [0][-]{chapter*.44}{\376\377\000B\000i\000b\000l\000i\000o\000g\000r\000a\000f\000\355\000a}{}% 39
